<?xml version="1.0" encoding="UTF-8"?>
<!-- Generated by org.testng.reporters.JUnitReportReporter -->
<testsuite hostname="LAPTOP-IOBU0KIJ" failures="0" tests="1" name="testCases.TC004_VerifyLoginFunctionalityWithInvalidUserNameAndInvalidPassword" time="2.492" errors="0" timestamp="2024-09-08T22:18:31 AEST" skipped="0">
  <testcase classname="testCases.TC004_VerifyLoginFunctionalityWithInvalidUserNameAndInvalidPassword" name="testLoginWithInvalidUserNameAndInvalidPassword" time="2.492"/>
</testsuite> <!-- testCases.TC004_VerifyLoginFunctionalityWithInvalidUserNameAndInvalidPassword -->
