<?xml version="1.0" encoding="UTF-8"?>
<!-- Generated by org.testng.reporters.JUnitReportReporter -->
<testsuite hostname="LAPTOP-IOBU0KIJ" failures="0" tests="2" name="testCases.TC008_VerifySortByNameZtoA" time="21.837" errors="0" timestamp="2024-09-09T02:11:26 AEST" skipped="0">
  <testcase classname="testCases.TC008_VerifySortByNameZtoA" name="verifySortByNameZtoA" time="10.989"/>
  <testcase classname="testCases.TC008_VerifySortByNameZtoA" name="verifySortByNameZtoA" time="10.848"/>
</testsuite> <!-- testCases.TC008_VerifySortByNameZtoA -->
