<?xml version="1.0" encoding="UTF-8"?>
<!-- Generated by org.testng.reporters.JUnitReportReporter -->
<testsuite hostname="LAPTOP-IOBU0KIJ" failures="0" tests="2" name="testCases.TC014_VerifyCheckoutFeatureForDifferentUsers" time="12.294" errors="0" timestamp="2024-09-09T02:11:26 AEST" skipped="0">
  <testcase classname="testCases.TC014_VerifyCheckoutFeatureForDifferentUsers" name="verifyCheckoutFeatureForDifferentUsers" time="1.440"/>
  <testcase classname="testCases.TC014_VerifyCheckoutFeatureForDifferentUsers" name="verifyCheckoutFeatureForDifferentUsers" time="10.854"/>
</testsuite> <!-- testCases.TC014_VerifyCheckoutFeatureForDifferentUsers -->
