<?xml version="1.0" encoding="UTF-8"?>
<!-- Generated by org.testng.reporters.JUnitReportReporter -->
<testsuite hostname="LAPTOP-IOBU0KIJ" failures="0" tests="2" name="testCases.TC008_VerifySortByNameZtoA" time="21.506" errors="0" timestamp="2024-09-09T11:46:33 AEST" skipped="0">
  <testcase classname="testCases.TC008_VerifySortByNameZtoA" name="verifySortByNameZtoA" time="10.923"/>
  <testcase classname="testCases.TC008_VerifySortByNameZtoA" name="verifySortByNameZtoA" time="10.583"/>
</testsuite> <!-- testCases.TC008_VerifySortByNameZtoA -->
