<?xml version="1.0" encoding="UTF-8"?>
<!-- Generated by org.testng.reporters.JUnitReportReporter -->
<testsuite hostname="LAPTOP-IOBU0KIJ" failures="0" tests="2" name="testCases.TC006_VerifySortFunctionIsAvailable" time="1.370" errors="0" timestamp="2024-09-09T00:55:49 AEST" skipped="0">
  <testcase classname="testCases.TC006_VerifySortFunctionIsAvailable" name="verifySortFunctionIsAvailable" time="0.849"/>
  <testcase classname="testCases.TC006_VerifySortFunctionIsAvailable" name="verifySortFunctionIsAvailable" time="0.521"/>
</testsuite> <!-- testCases.TC006_VerifySortFunctionIsAvailable -->
