<?xml version="1.0" encoding="UTF-8"?>
<!-- Generated by org.testng.reporters.JUnitReportReporter -->
<testsuite hostname="LAPTOP-IOBU0KIJ" failures="0" tests="1" name="testCases.TC006_VerifySortFunction" time="0.544" errors="0" timestamp="2024-09-08T17:48:21 AEST" skipped="0">
  <testcase classname="testCases.TC006_VerifySortFunction" name="verifySortOptionAvailableAfterLogin" time="0.544"/>
</testsuite> <!-- testCases.TC006_VerifySortFunction -->
