<?xml version="1.0" encoding="UTF-8"?>
<!-- Generated by org.testng.reporters.JUnitReportReporter -->
<testsuite hostname="LAPTOP-IOBU0KIJ" failures="0" tests="1" name="testCases.TC005_VerifyErrorMessageWhenLoginWithBlankUsernameAndPassword" time="0.393" errors="0" timestamp="2024-09-09T11:46:33 AEST" skipped="0">
  <testcase classname="testCases.TC005_VerifyErrorMessageWhenLoginWithBlankUsernameAndPassword" name="loginTestWithBlankUsernameAndValidPassword" time="0.393"/>
</testsuite> <!-- testCases.TC005_VerifyErrorMessageWhenLoginWithBlankUsernameAndPassword -->
