<?xml version="1.0" encoding="UTF-8"?>
<!-- Generated by org.testng.reporters.JUnitReportReporter -->
<testsuite hostname="LAPTOP-IOBU0KIJ" failures="0" tests="1" name="testCases.SortOptionTest" time="0.613" errors="0" timestamp="2024-09-08T17:34:48 AEST" skipped="0">
  <testcase classname="testCases.SortOptionTest" name="verifySortOptionAvailableAfterLogin" time="0.613"/>
</testsuite> <!-- testCases.SortOptionTest -->
