<?xml version="1.0" encoding="UTF-8"?>
<!-- Generated by org.testng.reporters.JUnitReportReporter -->
<testsuite hostname="LAPTOP-IOBU0KIJ" failures="0" tests="2" name="testCases.TC007_VerifySortByNameAtoZ" time="22.080" errors="0" timestamp="2024-09-09T20:55:22 AEST" skipped="0">
  <testcase classname="testCases.TC007_VerifySortByNameAtoZ" name="verifySortByNameAtoZ" time="11.215"/>
  <testcase classname="testCases.TC007_VerifySortByNameAtoZ" name="verifySortByNameAtoZ" time="10.865"/>
</testsuite> <!-- testCases.TC007_VerifySortByNameAtoZ -->
