<?xml version="1.0" encoding="UTF-8"?>
<!-- Generated by org.testng.reporters.JUnitReportReporter -->
<testsuite hostname="LAPTOP-IOBU0KIJ" failures="0" tests="1" name="testCases.TC004_VerifyLoginFunctionalityWithInvalidUserNameAndInvalidPassword" time="2.571" errors="0" timestamp="2024-09-09T20:55:22 AEST" skipped="0">
  <testcase classname="testCases.TC004_VerifyLoginFunctionalityWithInvalidUserNameAndInvalidPassword" name="testLoginWithInvalidUserNameAndInvalidPassword" time="2.571"/>
</testsuite> <!-- testCases.TC004_VerifyLoginFunctionalityWithInvalidUserNameAndInvalidPassword -->
