<?xml version="1.0" encoding="UTF-8"?>
<!-- Generated by org.testng.reporters.JUnitReportReporter -->
<testsuite hostname="LAPTOP-IOBU0KIJ" failures="0" tests="1" name="testCases.TC005_VerifyErrorMessageWhenLoginWithBlankUsernameAndPassword" time="0.509" errors="0" timestamp="2024-09-09T20:55:22 AEST" skipped="0">
  <testcase classname="testCases.TC005_VerifyErrorMessageWhenLoginWithBlankUsernameAndPassword" name="loginTestWithBlankUsernameAndValidPassword" time="0.509"/>
</testsuite> <!-- testCases.TC005_VerifyErrorMessageWhenLoginWithBlankUsernameAndPassword -->
