<?xml version="1.0" encoding="UTF-8"?>
<!-- Generated by org.testng.reporters.JUnitReportReporter -->
<testsuite hostname="LAPTOP-IOBU0KIJ" failures="0" tests="1" name="testCases.TC003_VerifyLoginFunctionalityWithInvalidUserNameAndValidPassword" time="2.674" errors="0" timestamp="2024-09-09T20:55:22 AEST" skipped="0">
  <testcase classname="testCases.TC003_VerifyLoginFunctionalityWithInvalidUserNameAndValidPassword" name="testLoginWithInvalidUserNameAndValidPassword" time="2.674"/>
</testsuite> <!-- testCases.TC003_VerifyLoginFunctionalityWithInvalidUserNameAndValidPassword -->
