<?xml version="1.0" encoding="UTF-8"?>
<!-- Generated by org.testng.reporters.JUnitReportReporter -->
<testsuite hostname="LAPTOP-IOBU0KIJ" failures="0" tests="2" name="testCases.TC014_VerifyCheckoutFeatureForDifferentUsers" time="13.011" errors="0" timestamp="2024-09-09T20:55:22 AEST" skipped="0">
  <testcase classname="testCases.TC014_VerifyCheckoutFeatureForDifferentUsers" name="verifyCheckoutFeatureForDifferentUsers" time="11.197"/>
  <testcase classname="testCases.TC014_VerifyCheckoutFeatureForDifferentUsers" name="verifyCheckoutFeatureForDifferentUsers" time="1.814"/>
</testsuite> <!-- testCases.TC014_VerifyCheckoutFeatureForDifferentUsers -->
