<?xml version="1.0" encoding="UTF-8"?>
<!-- Generated by org.testng.reporters.JUnitReportReporter -->
<testsuite hostname="LAPTOP-IOBU0KIJ" failures="0" tests="2" name="testCases.TC008_VerifySortByNameZtoA" time="22.238" errors="0" timestamp="2024-09-09T20:55:22 AEST" skipped="0">
  <testcase classname="testCases.TC008_VerifySortByNameZtoA" name="verifySortByNameZtoA" time="11.220"/>
  <testcase classname="testCases.TC008_VerifySortByNameZtoA" name="verifySortByNameZtoA" time="11.018"/>
</testsuite> <!-- testCases.TC008_VerifySortByNameZtoA -->
